mode: atomic
github.com/salesX-technology/deliverypartnerconnectionlib/httpclient/httpclient.go:19.112,24.2 1 0
github.com/salesX-technology/deliverypartnerconnectionlib/httpclient/httpclient.go:26.112,32.25 5 0
github.com/salesX-technology/deliverypartnerconnectionlib/httpclient/httpclient.go:32.25,34.3 1 0
github.com/salesX-technology/deliverypartnerconnectionlib/httpclient/httpclient.go:36.2,37.16 2 0
github.com/salesX-technology/deliverypartnerconnectionlib/httpclient/httpclient.go:37.16,39.3 1 0
github.com/salesX-technology/deliverypartnerconnectionlib/httpclient/httpclient.go:41.2,45.16 4 0
github.com/salesX-technology/deliverypartnerconnectionlib/httpclient/httpclient.go:45.16,47.3 1 0
github.com/salesX-technology/deliverypartnerconnectionlib/httpclient/httpclient.go:48.2,51.16 3 0
github.com/salesX-technology/deliverypartnerconnectionlib/httpclient/httpclient.go:51.16,53.3 1 0
github.com/salesX-technology/deliverypartnerconnectionlib/httpclient/httpclient.go:55.2,55.65 1 0
github.com/salesX-technology/deliverypartnerconnectionlib/httpclient/httpclient.go:55.65,57.3 1 0
github.com/salesX-technology/deliverypartnerconnectionlib/httpclient/httpclient.go:59.2,60.31 2 0
github.com/salesX-technology/deliverypartnerconnectionlib/httpclient/httpclient.go:69.162,75.2 1 0
github.com/salesX-technology/deliverypartnerconnectionlib/httpclient/httpclient.go:77.127,82.16 4 0
github.com/salesX-technology/deliverypartnerconnectionlib/httpclient/httpclient.go:82.16,84.3 1 0
github.com/salesX-technology/deliverypartnerconnectionlib/httpclient/httpclient.go:85.2,88.16 3 0
github.com/salesX-technology/deliverypartnerconnectionlib/httpclient/httpclient.go:88.16,90.3 1 0
github.com/salesX-technology/deliverypartnerconnectionlib/httpclient/httpclient.go:92.2,92.44 1 0
github.com/salesX-technology/deliverypartnerconnectionlib/httpclient/httpclient.go:92.44,94.3 1 0
github.com/salesX-technology/deliverypartnerconnectionlib/httpclient/httpclient.go:96.2,96.36 1 0
github.com/salesX-technology/deliverypartnerconnectionlib/httpclient/httpclient.go:96.36,98.3 1 0
github.com/salesX-technology/deliverypartnerconnectionlib/httpclient/httpclient.go:100.2,101.16 2 0
github.com/salesX-technology/deliverypartnerconnectionlib/httpclient/httpclient.go:101.16,103.3 1 0
github.com/salesX-technology/deliverypartnerconnectionlib/httpclient/httpclient.go:105.2,107.16 3 0
github.com/salesX-technology/deliverypartnerconnectionlib/httpclient/httpclient.go:107.16,109.3 1 0
github.com/salesX-technology/deliverypartnerconnectionlib/httpclient/httpclient.go:111.2,111.69 1 0
github.com/salesX-technology/deliverypartnerconnectionlib/httpclient/httpclient.go:111.69,113.3 1 0
github.com/salesX-technology/deliverypartnerconnectionlib/httpclient/httpclient.go:115.2,115.57 1 0
github.com/salesX-technology/deliverypartnerconnectionlib/httpclient/httpclient.go:115.57,117.3 1 0
github.com/salesX-technology/deliverypartnerconnectionlib/httpclient/httpclient.go:119.2,120.15 2 0
github.com/salesX-technology/deliverypartnerconnectionlib/httpclient/httpclient.go:123.162,129.2 1 0
github.com/salesX-technology/deliverypartnerconnectionlib/httpclient/httpclient.go:131.131,136.16 4 0
github.com/salesX-technology/deliverypartnerconnectionlib/httpclient/httpclient.go:136.16,138.3 1 0
github.com/salesX-technology/deliverypartnerconnectionlib/httpclient/httpclient.go:140.2,140.44 1 0
github.com/salesX-technology/deliverypartnerconnectionlib/httpclient/httpclient.go:140.44,142.3 1 0
github.com/salesX-technology/deliverypartnerconnectionlib/httpclient/httpclient.go:144.2,144.36 1 0
github.com/salesX-technology/deliverypartnerconnectionlib/httpclient/httpclient.go:144.36,146.3 1 0
github.com/salesX-technology/deliverypartnerconnectionlib/httpclient/httpclient.go:148.2,149.16 2 0
github.com/salesX-technology/deliverypartnerconnectionlib/httpclient/httpclient.go:149.16,151.3 1 0
github.com/salesX-technology/deliverypartnerconnectionlib/httpclient/httpclient.go:153.2,155.16 3 0
github.com/salesX-technology/deliverypartnerconnectionlib/httpclient/httpclient.go:155.16,157.3 1 0
github.com/salesX-technology/deliverypartnerconnectionlib/httpclient/httpclient.go:159.2,159.69 1 0
github.com/salesX-technology/deliverypartnerconnectionlib/httpclient/httpclient.go:159.69,161.3 1 0
github.com/salesX-technology/deliverypartnerconnectionlib/httpclient/httpclient.go:163.2,163.57 1 0
github.com/salesX-technology/deliverypartnerconnectionlib/httpclient/httpclient.go:163.57,165.3 1 0
github.com/salesX-technology/deliverypartnerconnectionlib/httpclient/httpclient.go:167.2,168.15 2 0
github.com/salesX-technology/deliverypartnerconnectionlib/example/main.go:23.13,75.16 18 0
github.com/salesX-technology/deliverypartnerconnectionlib/example/main.go:75.16,76.13 1 0
github.com/salesX-technology/deliverypartnerconnectionlib/example/main.go:81.2,83.40 3 0
github.com/salesX-technology/deliverypartnerconnectionlib/example/main.go:105.95,126.16 2 0
github.com/salesX-technology/deliverypartnerconnectionlib/example/main.go:126.16,127.13 1 0
github.com/salesX-technology/deliverypartnerconnectionlib/example/main.go:130.2,130.51 1 0
github.com/salesX-technology/deliverypartnerconnectionlib/example/main.go:133.114,135.16 2 0
github.com/salesX-technology/deliverypartnerconnectionlib/example/main.go:135.16,136.13 1 0
github.com/salesX-technology/deliverypartnerconnectionlib/example/main.go:140.33,167.16 7 0
github.com/salesX-technology/deliverypartnerconnectionlib/example/main.go:167.16,168.13 1 0
github.com/salesX-technology/deliverypartnerconnectionlib/example/main.go:171.2,192.4 2 0
github.com/salesX-technology/deliverypartnerconnectionlib/example/main.go:195.34,207.16 7 0
github.com/salesX-technology/deliverypartnerconnectionlib/example/main.go:207.16,209.3 1 0
github.com/salesX-technology/deliverypartnerconnectionlib/example/main.go:212.2,221.16 4 0
github.com/salesX-technology/deliverypartnerconnectionlib/example/main.go:221.16,223.3 1 0
github.com/salesX-technology/deliverypartnerconnectionlib/example/main.go:224.2,229.16 6 0
github.com/salesX-technology/deliverypartnerconnectionlib/example/main.go:229.16,231.3 1 0
github.com/salesX-technology/deliverypartnerconnectionlib/example/main.go:233.2,235.16 3 0
github.com/salesX-technology/deliverypartnerconnectionlib/example/main.go:235.16,237.3 1 0
github.com/salesX-technology/deliverypartnerconnectionlib/example/main.go:238.2,238.21 1 0
github.com/salesX-technology/deliverypartnerconnectionlib/example/main.go:241.94,263.16 2 0
github.com/salesX-technology/deliverypartnerconnectionlib/example/main.go:263.16,264.13 1 0
github.com/salesX-technology/deliverypartnerconnectionlib/example/main.go:267.2,287.4 2 0
github.com/salesX-technology/deliverypartnerconnectionlib/example/main.go:290.94,311.16 2 0
github.com/salesX-technology/deliverypartnerconnectionlib/example/main.go:311.16,312.13 1 0
github.com/salesX-technology/deliverypartnerconnectionlib/example/main.go:315.2,315.50 1 0
github.com/salesX-technology/deliverypartnerconnectionlib/example/main.go:324.110,328.16 4 0
github.com/salesX-technology/deliverypartnerconnectionlib/example/main.go:328.16,330.3 1 0
github.com/salesX-technology/deliverypartnerconnectionlib/example/main.go:331.2,332.23 2 0
github.com/salesX-technology/deliverypartnerconnectionlib/example/main.go:335.116,336.73 1 0
github.com/salesX-technology/deliverypartnerconnectionlib/example/main.go:336.73,340.17 4 0
github.com/salesX-technology/deliverypartnerconnectionlib/example/main.go:340.17,343.4 2 0
github.com/salesX-technology/deliverypartnerconnectionlib/example/main.go:345.3,345.40 1 0
github.com/salesX-technology/deliverypartnerconnectionlib/example/main.go:349.94,351.2 1 0
github.com/salesX-technology/deliverypartnerconnectionlib/example/main.go:353.127,379.2 4 0
github.com/salesX-technology/deliverypartnerconnectionlib/example/main.go:381.116,404.2 2 0
github.com/salesX-technology/deliverypartnerconnectionlib/example/main.go:406.111,409.2 2 0
github.com/salesX-technology/deliverypartnerconnectionlib/deliverypartnerconnectionlib.go:13.33,19.2 1 0
github.com/salesX-technology/deliverypartnerconnectionlib/deliverypartnerconnectionlib.go:21.97,24.2 2 0
github.com/salesX-technology/deliverypartnerconnectionlib/deliverypartnerconnectionlib.go:26.99,29.2 2 0
github.com/salesX-technology/deliverypartnerconnectionlib/deliverypartnerconnectionlib.go:31.86,34.2 2 0
github.com/salesX-technology/deliverypartnerconnectionlib/example/main.go:23.13,75.16 18 0
github.com/salesX-technology/deliverypartnerconnectionlib/example/main.go:75.16,76.13 1 0
github.com/salesX-technology/deliverypartnerconnectionlib/example/main.go:81.2,83.40 3 0
github.com/salesX-technology/deliverypartnerconnectionlib/example/main.go:105.95,126.16 2 0
github.com/salesX-technology/deliverypartnerconnectionlib/example/main.go:126.16,127.13 1 0
github.com/salesX-technology/deliverypartnerconnectionlib/example/main.go:130.2,130.51 1 0
github.com/salesX-technology/deliverypartnerconnectionlib/example/main.go:133.114,135.16 2 0
github.com/salesX-technology/deliverypartnerconnectionlib/example/main.go:135.16,136.13 1 0
github.com/salesX-technology/deliverypartnerconnectionlib/example/main.go:140.33,167.16 7 0
github.com/salesX-technology/deliverypartnerconnectionlib/example/main.go:167.16,168.13 1 0
github.com/salesX-technology/deliverypartnerconnectionlib/example/main.go:171.2,192.4 2 0
github.com/salesX-technology/deliverypartnerconnectionlib/example/main.go:195.34,207.16 7 0
github.com/salesX-technology/deliverypartnerconnectionlib/example/main.go:207.16,209.3 1 0
github.com/salesX-technology/deliverypartnerconnectionlib/example/main.go:212.2,221.16 4 0
github.com/salesX-technology/deliverypartnerconnectionlib/example/main.go:221.16,223.3 1 0
github.com/salesX-technology/deliverypartnerconnectionlib/example/main.go:224.2,229.16 6 0
github.com/salesX-technology/deliverypartnerconnectionlib/example/main.go:229.16,231.3 1 0
github.com/salesX-technology/deliverypartnerconnectionlib/example/main.go:233.2,235.16 3 0
github.com/salesX-technology/deliverypartnerconnectionlib/example/main.go:235.16,237.3 1 0
github.com/salesX-technology/deliverypartnerconnectionlib/example/main.go:238.2,238.21 1 0
github.com/salesX-technology/deliverypartnerconnectionlib/example/main.go:241.94,263.16 2 0
github.com/salesX-technology/deliverypartnerconnectionlib/example/main.go:263.16,264.13 1 0
github.com/salesX-technology/deliverypartnerconnectionlib/example/main.go:267.2,287.4 2 0
github.com/salesX-technology/deliverypartnerconnectionlib/example/main.go:290.94,311.16 2 0
github.com/salesX-technology/deliverypartnerconnectionlib/example/main.go:311.16,312.13 1 0
github.com/salesX-technology/deliverypartnerconnectionlib/example/main.go:315.2,315.50 1 0
github.com/salesX-technology/deliverypartnerconnectionlib/example/main.go:324.110,328.16 4 0
github.com/salesX-technology/deliverypartnerconnectionlib/example/main.go:328.16,330.3 1 0
github.com/salesX-technology/deliverypartnerconnectionlib/example/main.go:331.2,332.23 2 0
github.com/salesX-technology/deliverypartnerconnectionlib/example/main.go:335.116,336.73 1 0
github.com/salesX-technology/deliverypartnerconnectionlib/example/main.go:336.73,340.17 4 0
github.com/salesX-technology/deliverypartnerconnectionlib/example/main.go:340.17,343.4 2 0
github.com/salesX-technology/deliverypartnerconnectionlib/example/main.go:345.3,345.40 1 0
github.com/salesX-technology/deliverypartnerconnectionlib/example/main.go:349.94,351.2 1 0
github.com/salesX-technology/deliverypartnerconnectionlib/example/main.go:353.127,379.2 4 0
github.com/salesX-technology/deliverypartnerconnectionlib/example/main.go:381.116,404.2 2 0
github.com/salesX-technology/deliverypartnerconnectionlib/example/main.go:406.111,409.2 2 0
github.com/salesX-technology/deliverypartnerconnectionlib/httpclient/httpclient.go:19.112,24.2 1 0
github.com/salesX-technology/deliverypartnerconnectionlib/httpclient/httpclient.go:26.112,32.25 5 0
github.com/salesX-technology/deliverypartnerconnectionlib/httpclient/httpclient.go:32.25,34.3 1 0
github.com/salesX-technology/deliverypartnerconnectionlib/httpclient/httpclient.go:36.2,37.16 2 0
github.com/salesX-technology/deliverypartnerconnectionlib/httpclient/httpclient.go:37.16,39.3 1 0
github.com/salesX-technology/deliverypartnerconnectionlib/httpclient/httpclient.go:41.2,45.16 4 0
github.com/salesX-technology/deliverypartnerconnectionlib/httpclient/httpclient.go:45.16,47.3 1 0
github.com/salesX-technology/deliverypartnerconnectionlib/httpclient/httpclient.go:48.2,51.16 3 0
github.com/salesX-technology/deliverypartnerconnectionlib/httpclient/httpclient.go:51.16,53.3 1 0
github.com/salesX-technology/deliverypartnerconnectionlib/httpclient/httpclient.go:55.2,55.65 1 0
github.com/salesX-technology/deliverypartnerconnectionlib/httpclient/httpclient.go:55.65,57.3 1 0
github.com/salesX-technology/deliverypartnerconnectionlib/httpclient/httpclient.go:59.2,60.31 2 0
github.com/salesX-technology/deliverypartnerconnectionlib/httpclient/httpclient.go:69.162,75.2 1 0
github.com/salesX-technology/deliverypartnerconnectionlib/httpclient/httpclient.go:77.127,82.16 4 0
github.com/salesX-technology/deliverypartnerconnectionlib/httpclient/httpclient.go:82.16,84.3 1 0
github.com/salesX-technology/deliverypartnerconnectionlib/httpclient/httpclient.go:85.2,88.16 3 0
github.com/salesX-technology/deliverypartnerconnectionlib/httpclient/httpclient.go:88.16,90.3 1 0
github.com/salesX-technology/deliverypartnerconnectionlib/httpclient/httpclient.go:92.2,92.44 1 0
github.com/salesX-technology/deliverypartnerconnectionlib/httpclient/httpclient.go:92.44,94.3 1 0
github.com/salesX-technology/deliverypartnerconnectionlib/httpclient/httpclient.go:96.2,96.36 1 0
github.com/salesX-technology/deliverypartnerconnectionlib/httpclient/httpclient.go:96.36,98.3 1 0
github.com/salesX-technology/deliverypartnerconnectionlib/httpclient/httpclient.go:100.2,101.16 2 0
github.com/salesX-technology/deliverypartnerconnectionlib/httpclient/httpclient.go:101.16,103.3 1 0
github.com/salesX-technology/deliverypartnerconnectionlib/httpclient/httpclient.go:105.2,107.16 3 0
github.com/salesX-technology/deliverypartnerconnectionlib/httpclient/httpclient.go:107.16,109.3 1 0
github.com/salesX-technology/deliverypartnerconnectionlib/httpclient/httpclient.go:111.2,111.69 1 0
github.com/salesX-technology/deliverypartnerconnectionlib/httpclient/httpclient.go:111.69,113.3 1 0
github.com/salesX-technology/deliverypartnerconnectionlib/httpclient/httpclient.go:115.2,115.57 1 0
github.com/salesX-technology/deliverypartnerconnectionlib/httpclient/httpclient.go:115.57,117.3 1 0
github.com/salesX-technology/deliverypartnerconnectionlib/httpclient/httpclient.go:119.2,120.15 2 0
github.com/salesX-technology/deliverypartnerconnectionlib/httpclient/httpclient.go:123.162,129.2 1 0
github.com/salesX-technology/deliverypartnerconnectionlib/httpclient/httpclient.go:131.131,136.16 4 0
github.com/salesX-technology/deliverypartnerconnectionlib/httpclient/httpclient.go:136.16,138.3 1 0
github.com/salesX-technology/deliverypartnerconnectionlib/httpclient/httpclient.go:140.2,140.44 1 0
github.com/salesX-technology/deliverypartnerconnectionlib/httpclient/httpclient.go:140.44,142.3 1 0
github.com/salesX-technology/deliverypartnerconnectionlib/httpclient/httpclient.go:144.2,144.36 1 0
github.com/salesX-technology/deliverypartnerconnectionlib/httpclient/httpclient.go:144.36,146.3 1 0
github.com/salesX-technology/deliverypartnerconnectionlib/httpclient/httpclient.go:148.2,149.16 2 0
github.com/salesX-technology/deliverypartnerconnectionlib/httpclient/httpclient.go:149.16,151.3 1 0
github.com/salesX-technology/deliverypartnerconnectionlib/httpclient/httpclient.go:153.2,155.16 3 0
github.com/salesX-technology/deliverypartnerconnectionlib/httpclient/httpclient.go:155.16,157.3 1 0
github.com/salesX-technology/deliverypartnerconnectionlib/httpclient/httpclient.go:159.2,159.69 1 0
github.com/salesX-technology/deliverypartnerconnectionlib/httpclient/httpclient.go:159.69,161.3 1 0
github.com/salesX-technology/deliverypartnerconnectionlib/httpclient/httpclient.go:163.2,163.57 1 0
github.com/salesX-technology/deliverypartnerconnectionlib/httpclient/httpclient.go:163.57,165.3 1 0
github.com/salesX-technology/deliverypartnerconnectionlib/httpclient/httpclient.go:167.2,168.15 2 0
github.com/salesX-technology/deliverypartnerconnectionlib/partner/dhl/authenticator.go:14.33,20.2 1 0
github.com/salesX-technology/deliverypartnerconnectionlib/partner/dhl/authenticator.go:22.77,25.16 3 0
github.com/salesX-technology/deliverypartnerconnectionlib/partner/dhl/authenticator.go:25.16,27.3 1 0
github.com/salesX-technology/deliverypartnerconnectionlib/partner/dhl/authenticator.go:28.2,28.48 1 0
github.com/salesX-technology/deliverypartnerconnectionlib/partner/dhl/dhl.go:38.15,45.29 1 0
github.com/salesX-technology/deliverypartnerconnectionlib/partner/dhl/dhl.go:45.29,47.4 1 0
github.com/salesX-technology/deliverypartnerconnectionlib/partner/dhl/dhl.go:50.2,50.33 1 0
github.com/salesX-technology/deliverypartnerconnectionlib/partner/dhl/dhl.go:50.33,52.3 1 0
github.com/salesX-technology/deliverypartnerconnectionlib/partner/dhl/dhl.go:54.2,54.12 1 0
github.com/salesX-technology/deliverypartnerconnectionlib/partner/dhl/dhl.go:57.61,58.31 1 0
github.com/salesX-technology/deliverypartnerconnectionlib/partner/dhl/dhl.go:58.31,60.3 1 0
github.com/salesX-technology/deliverypartnerconnectionlib/partner/dhl/dhl.go:63.92,122.2 4 0
github.com/salesX-technology/deliverypartnerconnectionlib/partner/dhl/dhl.go:124.101,187.2 4 0
github.com/salesX-technology/deliverypartnerconnectionlib/partner/dhl/dhl.go:190.59,219.2 4 0
github.com/salesX-technology/deliverypartnerconnectionlib/partner/flash/flash.go:22.17,33.33 2 0
github.com/salesX-technology/deliverypartnerconnectionlib/partner/flash/flash.go:33.33,35.3 1 0
github.com/salesX-technology/deliverypartnerconnectionlib/partner/flash/flash.go:37.2,37.11 1 0
github.com/salesX-technology/deliverypartnerconnectionlib/partner/flash/flash.go:42.67,43.32 1 0
github.com/salesX-technology/deliverypartnerconnectionlib/partner/flash/flash.go:43.32,45.3 1 0
github.com/salesX-technology/deliverypartnerconnectionlib/partner/flash/flash.go:48.75,49.32 1 0
github.com/salesX-technology/deliverypartnerconnectionlib/partner/flash/flash.go:49.32,51.3 1 0
github.com/salesX-technology/deliverypartnerconnectionlib/partner/flash/flash.go:68.94,73.17 5 0
github.com/salesX-technology/deliverypartnerconnectionlib/partner/flash/flash.go:73.17,75.3 1 0
github.com/salesX-technology/deliverypartnerconnectionlib/partner/flash/flash.go:77.2,108.16 6 0
github.com/salesX-technology/deliverypartnerconnectionlib/partner/flash/flash.go:108.16,110.3 1 0
github.com/salesX-technology/deliverypartnerconnectionlib/partner/flash/flash.go:112.2,112.31 1 0
github.com/salesX-technology/deliverypartnerconnectionlib/partner/flash/flash.go:115.103,118.17 3 0
github.com/salesX-technology/deliverypartnerconnectionlib/partner/flash/flash.go:118.17,120.3 1 0
github.com/salesX-technology/deliverypartnerconnectionlib/partner/flash/flash.go:122.2,153.12 6 0
github.com/salesX-technology/deliverypartnerconnectionlib/partner/flash/flash.go:156.61,170.2 6 0
github.com/salesX-technology/deliverypartnerconnectionlib/partner/flash/nonce.go:9.42,13.19 4 0
github.com/salesX-technology/deliverypartnerconnectionlib/partner/flash/nonce.go:13.19,15.3 1 0
github.com/salesX-technology/deliverypartnerconnectionlib/partner/flash/nonce.go:16.2,16.18 1 0
github.com/salesX-technology/deliverypartnerconnectionlib/partner/flash/signature.go:11.80,13.32 2 0
github.com/salesX-technology/deliverypartnerconnectionlib/partner/flash/signature.go:13.32,15.3 1 0
github.com/salesX-technology/deliverypartnerconnectionlib/partner/flash/signature.go:16.2,19.25 3 0
github.com/salesX-technology/deliverypartnerconnectionlib/partner/flash/signature.go:19.25,20.38 1 0
github.com/salesX-technology/deliverypartnerconnectionlib/partner/flash/signature.go:20.38,21.25 1 0
github.com/salesX-technology/deliverypartnerconnectionlib/partner/flash/signature.go:21.25,23.5 1 0
github.com/salesX-technology/deliverypartnerconnectionlib/partner/flash/signature.go:24.4,24.51 1 0
github.com/salesX-technology/deliverypartnerconnectionlib/partner/flash/signature.go:28.2,35.18 6 0
github.com/salesX-technology/deliverypartnerconnectionlib/partner/shopee/shopee.go:46.18,61.33 2 5
github.com/salesX-technology/deliverypartnerconnectionlib/partner/shopee/shopee.go:61.33,63.3 1 15
github.com/salesX-technology/deliverypartnerconnectionlib/partner/shopee/shopee.go:65.2,65.12 1 5
github.com/salesX-technology/deliverypartnerconnectionlib/partner/shopee/shopee.go:68.117,69.33 1 5
github.com/salesX-technology/deliverypartnerconnectionlib/partner/shopee/shopee.go:69.33,71.3 1 5
github.com/salesX-technology/deliverypartnerconnectionlib/partner/shopee/shopee.go:74.66,75.33 1 5
github.com/salesX-technology/deliverypartnerconnectionlib/partner/shopee/shopee.go:75.33,77.3 1 5
github.com/salesX-technology/deliverypartnerconnectionlib/partner/shopee/shopee.go:80.66,81.33 1 5
github.com/salesX-technology/deliverypartnerconnectionlib/partner/shopee/shopee.go:81.33,83.3 1 5
github.com/salesX-technology/deliverypartnerconnectionlib/partner/shopee/shopee.go:86.95,163.27 10 3
github.com/salesX-technology/deliverypartnerconnectionlib/partner/shopee/shopee.go:163.27,165.3 1 1
github.com/salesX-technology/deliverypartnerconnectionlib/partner/shopee/shopee.go:167.2,167.36 1 2
github.com/salesX-technology/deliverypartnerconnectionlib/partner/shopee/shopee.go:167.36,169.3 1 1
github.com/salesX-technology/deliverypartnerconnectionlib/partner/shopee/shopee.go:171.2,171.48 1 1
github.com/salesX-technology/deliverypartnerconnectionlib/partner/shopee/shopee.go:174.110,178.16 4 0
github.com/salesX-technology/deliverypartnerconnectionlib/partner/shopee/shopee.go:178.16,180.3 1 0
github.com/salesX-technology/deliverypartnerconnectionlib/partner/shopee/shopee.go:181.2,182.23 2 0
github.com/salesX-technology/deliverypartnerconnectionlib/partner/shopee/shopee.go:185.104,264.2 10 1
github.com/salesX-technology/deliverypartnerconnectionlib/partner/shopee/shopee.go:266.62,290.2 6 1
github.com/salesX-technology/deliverypartnerconnectionlib/partner/shopee/support_func.go:13.28,15.2 1 0
github.com/salesX-technology/deliverypartnerconnectionlib/partner/shopee/support_func.go:17.32,18.25 1 0
github.com/salesX-technology/deliverypartnerconnectionlib/partner/shopee/support_func.go:18.25,22.17 3 0
github.com/salesX-technology/deliverypartnerconnectionlib/partner/shopee/support_func.go:22.17,25.12 3 0
github.com/salesX-technology/deliverypartnerconnectionlib/partner/shopee/support_func.go:28.3,30.13 2 0
github.com/salesX-technology/deliverypartnerconnectionlib/partner/shopee/support_func.go:33.2,34.10 2 0
github.com/salesX-technology/deliverypartnerconnectionlib/partner/shopee/support_func.go:37.116,38.67 1 5
github.com/salesX-technology/deliverypartnerconnectionlib/partner/shopee/support_func.go:38.67,42.17 4 0
github.com/salesX-technology/deliverypartnerconnectionlib/partner/shopee/support_func.go:42.17,44.4 1 0
github.com/salesX-technology/deliverypartnerconnectionlib/partner/shopee/support_func.go:45.3,46.19 2 0
github.com/salesX-technology/deliverypartnerconnectionlib/deliverypartnerconnectionlib.go:13.33,19.2 1 7
github.com/salesX-technology/deliverypartnerconnectionlib/deliverypartnerconnectionlib.go:21.97,24.2 2 3
github.com/salesX-technology/deliverypartnerconnectionlib/deliverypartnerconnectionlib.go:26.99,29.2 2 2
github.com/salesX-technology/deliverypartnerconnectionlib/deliverypartnerconnectionlib.go:31.86,34.2 2 2
github.com/salesX-technology/deliverypartnerconnectionlib/example/main.go:23.13,75.16 18 0
github.com/salesX-technology/deliverypartnerconnectionlib/example/main.go:75.16,76.13 1 0
github.com/salesX-technology/deliverypartnerconnectionlib/example/main.go:81.2,83.40 3 0
github.com/salesX-technology/deliverypartnerconnectionlib/example/main.go:105.95,126.16 2 0
github.com/salesX-technology/deliverypartnerconnectionlib/example/main.go:126.16,127.13 1 0
github.com/salesX-technology/deliverypartnerconnectionlib/example/main.go:130.2,130.51 1 0
github.com/salesX-technology/deliverypartnerconnectionlib/example/main.go:133.114,135.16 2 0
github.com/salesX-technology/deliverypartnerconnectionlib/example/main.go:135.16,136.13 1 0
github.com/salesX-technology/deliverypartnerconnectionlib/example/main.go:140.33,167.16 7 0
github.com/salesX-technology/deliverypartnerconnectionlib/example/main.go:167.16,168.13 1 0
github.com/salesX-technology/deliverypartnerconnectionlib/example/main.go:171.2,192.4 2 0
github.com/salesX-technology/deliverypartnerconnectionlib/example/main.go:195.34,207.16 7 0
github.com/salesX-technology/deliverypartnerconnectionlib/example/main.go:207.16,209.3 1 0
github.com/salesX-technology/deliverypartnerconnectionlib/example/main.go:212.2,221.16 4 0
github.com/salesX-technology/deliverypartnerconnectionlib/example/main.go:221.16,223.3 1 0
github.com/salesX-technology/deliverypartnerconnectionlib/example/main.go:224.2,229.16 6 0
github.com/salesX-technology/deliverypartnerconnectionlib/example/main.go:229.16,231.3 1 0
github.com/salesX-technology/deliverypartnerconnectionlib/example/main.go:233.2,235.16 3 0
github.com/salesX-technology/deliverypartnerconnectionlib/example/main.go:235.16,237.3 1 0
github.com/salesX-technology/deliverypartnerconnectionlib/example/main.go:238.2,238.21 1 0
github.com/salesX-technology/deliverypartnerconnectionlib/example/main.go:241.94,263.16 2 0
github.com/salesX-technology/deliverypartnerconnectionlib/example/main.go:263.16,264.13 1 0
github.com/salesX-technology/deliverypartnerconnectionlib/example/main.go:267.2,287.4 2 0
github.com/salesX-technology/deliverypartnerconnectionlib/example/main.go:290.94,311.16 2 0
github.com/salesX-technology/deliverypartnerconnectionlib/example/main.go:311.16,312.13 1 0
github.com/salesX-technology/deliverypartnerconnectionlib/example/main.go:315.2,315.50 1 0
github.com/salesX-technology/deliverypartnerconnectionlib/example/main.go:324.110,328.16 4 0
github.com/salesX-technology/deliverypartnerconnectionlib/example/main.go:328.16,330.3 1 0
github.com/salesX-technology/deliverypartnerconnectionlib/example/main.go:331.2,332.23 2 0
github.com/salesX-technology/deliverypartnerconnectionlib/example/main.go:335.116,336.73 1 0
github.com/salesX-technology/deliverypartnerconnectionlib/example/main.go:336.73,340.17 4 0
github.com/salesX-technology/deliverypartnerconnectionlib/example/main.go:340.17,343.4 2 0
github.com/salesX-technology/deliverypartnerconnectionlib/example/main.go:345.3,345.40 1 0
github.com/salesX-technology/deliverypartnerconnectionlib/example/main.go:349.94,351.2 1 0
github.com/salesX-technology/deliverypartnerconnectionlib/example/main.go:353.127,379.2 4 0
github.com/salesX-technology/deliverypartnerconnectionlib/example/main.go:381.116,404.2 2 0
github.com/salesX-technology/deliverypartnerconnectionlib/example/main.go:406.111,409.2 2 0
github.com/salesX-technology/deliverypartnerconnectionlib/httpclient/httpclient.go:19.112,24.2 1 0
github.com/salesX-technology/deliverypartnerconnectionlib/httpclient/httpclient.go:26.112,32.25 5 0
github.com/salesX-technology/deliverypartnerconnectionlib/httpclient/httpclient.go:32.25,34.3 1 0
github.com/salesX-technology/deliverypartnerconnectionlib/httpclient/httpclient.go:36.2,37.16 2 0
github.com/salesX-technology/deliverypartnerconnectionlib/httpclient/httpclient.go:37.16,39.3 1 0
github.com/salesX-technology/deliverypartnerconnectionlib/httpclient/httpclient.go:41.2,45.16 4 0
github.com/salesX-technology/deliverypartnerconnectionlib/httpclient/httpclient.go:45.16,47.3 1 0
github.com/salesX-technology/deliverypartnerconnectionlib/httpclient/httpclient.go:48.2,51.16 3 0
github.com/salesX-technology/deliverypartnerconnectionlib/httpclient/httpclient.go:51.16,53.3 1 0
github.com/salesX-technology/deliverypartnerconnectionlib/httpclient/httpclient.go:55.2,55.65 1 0
github.com/salesX-technology/deliverypartnerconnectionlib/httpclient/httpclient.go:55.65,57.3 1 0
github.com/salesX-technology/deliverypartnerconnectionlib/httpclient/httpclient.go:59.2,60.31 2 0
github.com/salesX-technology/deliverypartnerconnectionlib/httpclient/httpclient.go:69.162,75.2 1 0
github.com/salesX-technology/deliverypartnerconnectionlib/httpclient/httpclient.go:77.127,82.16 4 0
github.com/salesX-technology/deliverypartnerconnectionlib/httpclient/httpclient.go:82.16,84.3 1 0
github.com/salesX-technology/deliverypartnerconnectionlib/httpclient/httpclient.go:85.2,88.16 3 0
github.com/salesX-technology/deliverypartnerconnectionlib/httpclient/httpclient.go:88.16,90.3 1 0
github.com/salesX-technology/deliverypartnerconnectionlib/httpclient/httpclient.go:92.2,92.44 1 0
github.com/salesX-technology/deliverypartnerconnectionlib/httpclient/httpclient.go:92.44,94.3 1 0
github.com/salesX-technology/deliverypartnerconnectionlib/httpclient/httpclient.go:96.2,96.36 1 0
github.com/salesX-technology/deliverypartnerconnectionlib/httpclient/httpclient.go:96.36,98.3 1 0
github.com/salesX-technology/deliverypartnerconnectionlib/httpclient/httpclient.go:100.2,101.16 2 0
github.com/salesX-technology/deliverypartnerconnectionlib/httpclient/httpclient.go:101.16,103.3 1 0
github.com/salesX-technology/deliverypartnerconnectionlib/httpclient/httpclient.go:105.2,107.16 3 0
github.com/salesX-technology/deliverypartnerconnectionlib/httpclient/httpclient.go:107.16,109.3 1 0
github.com/salesX-technology/deliverypartnerconnectionlib/httpclient/httpclient.go:111.2,111.69 1 0
github.com/salesX-technology/deliverypartnerconnectionlib/httpclient/httpclient.go:111.69,113.3 1 0
github.com/salesX-technology/deliverypartnerconnectionlib/httpclient/httpclient.go:115.2,115.57 1 0
github.com/salesX-technology/deliverypartnerconnectionlib/httpclient/httpclient.go:115.57,117.3 1 0
github.com/salesX-technology/deliverypartnerconnectionlib/httpclient/httpclient.go:119.2,120.15 2 0
github.com/salesX-technology/deliverypartnerconnectionlib/httpclient/httpclient.go:123.162,129.2 1 0
github.com/salesX-technology/deliverypartnerconnectionlib/httpclient/httpclient.go:131.131,136.16 4 0
github.com/salesX-technology/deliverypartnerconnectionlib/httpclient/httpclient.go:136.16,138.3 1 0
github.com/salesX-technology/deliverypartnerconnectionlib/httpclient/httpclient.go:140.2,140.44 1 0
github.com/salesX-technology/deliverypartnerconnectionlib/httpclient/httpclient.go:140.44,142.3 1 0
github.com/salesX-technology/deliverypartnerconnectionlib/httpclient/httpclient.go:144.2,144.36 1 0
github.com/salesX-technology/deliverypartnerconnectionlib/httpclient/httpclient.go:144.36,146.3 1 0
github.com/salesX-technology/deliverypartnerconnectionlib/httpclient/httpclient.go:148.2,149.16 2 0
github.com/salesX-technology/deliverypartnerconnectionlib/httpclient/httpclient.go:149.16,151.3 1 0
github.com/salesX-technology/deliverypartnerconnectionlib/httpclient/httpclient.go:153.2,155.16 3 0
github.com/salesX-technology/deliverypartnerconnectionlib/httpclient/httpclient.go:155.16,157.3 1 0
github.com/salesX-technology/deliverypartnerconnectionlib/httpclient/httpclient.go:159.2,159.69 1 0
github.com/salesX-technology/deliverypartnerconnectionlib/httpclient/httpclient.go:159.69,161.3 1 0
github.com/salesX-technology/deliverypartnerconnectionlib/httpclient/httpclient.go:163.2,163.57 1 0
github.com/salesX-technology/deliverypartnerconnectionlib/httpclient/httpclient.go:163.57,165.3 1 0
github.com/salesX-technology/deliverypartnerconnectionlib/httpclient/httpclient.go:167.2,168.15 2 0
github.com/salesX-technology/deliverypartnerconnectionlib/partner/dhl/authenticator.go:14.33,20.2 1 0
github.com/salesX-technology/deliverypartnerconnectionlib/partner/dhl/authenticator.go:22.77,25.16 3 0
github.com/salesX-technology/deliverypartnerconnectionlib/partner/dhl/authenticator.go:25.16,27.3 1 0
github.com/salesX-technology/deliverypartnerconnectionlib/partner/dhl/authenticator.go:28.2,28.48 1 0
github.com/salesX-technology/deliverypartnerconnectionlib/partner/dhl/dhl.go:38.15,45.29 1 0
github.com/salesX-technology/deliverypartnerconnectionlib/partner/dhl/dhl.go:45.29,47.4 1 0
github.com/salesX-technology/deliverypartnerconnectionlib/partner/dhl/dhl.go:50.2,50.33 1 0
github.com/salesX-technology/deliverypartnerconnectionlib/partner/dhl/dhl.go:50.33,52.3 1 0
github.com/salesX-technology/deliverypartnerconnectionlib/partner/dhl/dhl.go:54.2,54.12 1 0
github.com/salesX-technology/deliverypartnerconnectionlib/partner/dhl/dhl.go:57.61,58.31 1 0
github.com/salesX-technology/deliverypartnerconnectionlib/partner/dhl/dhl.go:58.31,60.3 1 0
github.com/salesX-technology/deliverypartnerconnectionlib/partner/dhl/dhl.go:63.92,122.2 4 0
github.com/salesX-technology/deliverypartnerconnectionlib/partner/dhl/dhl.go:124.101,187.2 4 0
github.com/salesX-technology/deliverypartnerconnectionlib/partner/dhl/dhl.go:190.59,219.2 4 0
github.com/salesX-technology/deliverypartnerconnectionlib/partner/flash/flash.go:22.17,33.33 2 0
github.com/salesX-technology/deliverypartnerconnectionlib/partner/flash/flash.go:33.33,35.3 1 0
github.com/salesX-technology/deliverypartnerconnectionlib/partner/flash/flash.go:37.2,37.11 1 0
github.com/salesX-technology/deliverypartnerconnectionlib/partner/flash/flash.go:42.67,43.32 1 0
github.com/salesX-technology/deliverypartnerconnectionlib/partner/flash/flash.go:43.32,45.3 1 0
github.com/salesX-technology/deliverypartnerconnectionlib/partner/flash/flash.go:48.75,49.32 1 0
github.com/salesX-technology/deliverypartnerconnectionlib/partner/flash/flash.go:49.32,51.3 1 0
github.com/salesX-technology/deliverypartnerconnectionlib/partner/flash/flash.go:68.94,73.17 5 0
github.com/salesX-technology/deliverypartnerconnectionlib/partner/flash/flash.go:73.17,75.3 1 0
github.com/salesX-technology/deliverypartnerconnectionlib/partner/flash/flash.go:77.2,108.16 6 0
github.com/salesX-technology/deliverypartnerconnectionlib/partner/flash/flash.go:108.16,110.3 1 0
github.com/salesX-technology/deliverypartnerconnectionlib/partner/flash/flash.go:112.2,112.31 1 0
github.com/salesX-technology/deliverypartnerconnectionlib/partner/flash/flash.go:115.103,118.17 3 0
github.com/salesX-technology/deliverypartnerconnectionlib/partner/flash/flash.go:118.17,120.3 1 0
github.com/salesX-technology/deliverypartnerconnectionlib/partner/flash/flash.go:122.2,153.12 6 0
github.com/salesX-technology/deliverypartnerconnectionlib/partner/flash/flash.go:156.61,170.2 6 0
github.com/salesX-technology/deliverypartnerconnectionlib/partner/flash/nonce.go:9.42,13.19 4 0
github.com/salesX-technology/deliverypartnerconnectionlib/partner/flash/nonce.go:13.19,15.3 1 0
github.com/salesX-technology/deliverypartnerconnectionlib/partner/flash/nonce.go:16.2,16.18 1 0
github.com/salesX-technology/deliverypartnerconnectionlib/partner/flash/signature.go:11.80,13.32 2 0
github.com/salesX-technology/deliverypartnerconnectionlib/partner/flash/signature.go:13.32,15.3 1 0
github.com/salesX-technology/deliverypartnerconnectionlib/partner/flash/signature.go:16.2,19.25 3 0
github.com/salesX-technology/deliverypartnerconnectionlib/partner/flash/signature.go:19.25,20.38 1 0
github.com/salesX-technology/deliverypartnerconnectionlib/partner/flash/signature.go:20.38,21.25 1 0
github.com/salesX-technology/deliverypartnerconnectionlib/partner/flash/signature.go:21.25,23.5 1 0
github.com/salesX-technology/deliverypartnerconnectionlib/partner/flash/signature.go:24.4,24.51 1 0
github.com/salesX-technology/deliverypartnerconnectionlib/partner/flash/signature.go:28.2,35.18 6 0
github.com/salesX-technology/deliverypartnerconnectionlib/partner/shopee/shopee.go:46.18,61.33 2 0
github.com/salesX-technology/deliverypartnerconnectionlib/partner/shopee/shopee.go:61.33,63.3 1 0
github.com/salesX-technology/deliverypartnerconnectionlib/partner/shopee/shopee.go:65.2,65.12 1 0
github.com/salesX-technology/deliverypartnerconnectionlib/partner/shopee/shopee.go:68.117,69.33 1 0
github.com/salesX-technology/deliverypartnerconnectionlib/partner/shopee/shopee.go:69.33,71.3 1 0
github.com/salesX-technology/deliverypartnerconnectionlib/partner/shopee/shopee.go:74.66,75.33 1 0
github.com/salesX-technology/deliverypartnerconnectionlib/partner/shopee/shopee.go:75.33,77.3 1 0
github.com/salesX-technology/deliverypartnerconnectionlib/partner/shopee/shopee.go:80.66,81.33 1 0
github.com/salesX-technology/deliverypartnerconnectionlib/partner/shopee/shopee.go:81.33,83.3 1 0
github.com/salesX-technology/deliverypartnerconnectionlib/partner/shopee/shopee.go:86.95,163.27 10 0
github.com/salesX-technology/deliverypartnerconnectionlib/partner/shopee/shopee.go:163.27,165.3 1 0
github.com/salesX-technology/deliverypartnerconnectionlib/partner/shopee/shopee.go:167.2,167.36 1 0
github.com/salesX-technology/deliverypartnerconnectionlib/partner/shopee/shopee.go:167.36,169.3 1 0
github.com/salesX-technology/deliverypartnerconnectionlib/partner/shopee/shopee.go:171.2,171.48 1 0
github.com/salesX-technology/deliverypartnerconnectionlib/partner/shopee/shopee.go:174.110,178.16 4 0
github.com/salesX-technology/deliverypartnerconnectionlib/partner/shopee/shopee.go:178.16,180.3 1 0
github.com/salesX-technology/deliverypartnerconnectionlib/partner/shopee/shopee.go:181.2,182.23 2 0
github.com/salesX-technology/deliverypartnerconnectionlib/partner/shopee/shopee.go:185.104,264.2 10 0
github.com/salesX-technology/deliverypartnerconnectionlib/partner/shopee/shopee.go:266.62,290.2 6 0
github.com/salesX-technology/deliverypartnerconnectionlib/partner/shopee/support_func.go:13.28,15.2 1 0
github.com/salesX-technology/deliverypartnerconnectionlib/partner/shopee/support_func.go:17.32,18.25 1 0
github.com/salesX-technology/deliverypartnerconnectionlib/partner/shopee/support_func.go:18.25,22.17 3 0
github.com/salesX-technology/deliverypartnerconnectionlib/partner/shopee/support_func.go:22.17,25.12 3 0
github.com/salesX-technology/deliverypartnerconnectionlib/partner/shopee/support_func.go:28.3,30.13 2 0
github.com/salesX-technology/deliverypartnerconnectionlib/partner/shopee/support_func.go:33.2,34.10 2 0
github.com/salesX-technology/deliverypartnerconnectionlib/partner/shopee/support_func.go:37.116,38.67 1 0
github.com/salesX-technology/deliverypartnerconnectionlib/partner/shopee/support_func.go:38.67,42.17 4 0
github.com/salesX-technology/deliverypartnerconnectionlib/partner/shopee/support_func.go:42.17,44.4 1 0
github.com/salesX-technology/deliverypartnerconnectionlib/partner/shopee/support_func.go:45.3,46.19 2 0
github.com/salesX-technology/deliverypartnerconnectionlib/deliverypartnerconnectionlib.go:13.33,19.2 1 0
github.com/salesX-technology/deliverypartnerconnectionlib/deliverypartnerconnectionlib.go:21.97,24.2 2 0
github.com/salesX-technology/deliverypartnerconnectionlib/deliverypartnerconnectionlib.go:26.99,29.2 2 0
github.com/salesX-technology/deliverypartnerconnectionlib/deliverypartnerconnectionlib.go:31.86,34.2 2 0
github.com/salesX-technology/deliverypartnerconnectionlib/example/main.go:23.13,75.16 18 0
github.com/salesX-technology/deliverypartnerconnectionlib/example/main.go:75.16,76.13 1 0
github.com/salesX-technology/deliverypartnerconnectionlib/example/main.go:81.2,83.40 3 0
github.com/salesX-technology/deliverypartnerconnectionlib/example/main.go:105.95,126.16 2 0
github.com/salesX-technology/deliverypartnerconnectionlib/example/main.go:126.16,127.13 1 0
github.com/salesX-technology/deliverypartnerconnectionlib/example/main.go:130.2,130.51 1 0
github.com/salesX-technology/deliverypartnerconnectionlib/example/main.go:133.114,135.16 2 0
github.com/salesX-technology/deliverypartnerconnectionlib/example/main.go:135.16,136.13 1 0
github.com/salesX-technology/deliverypartnerconnectionlib/example/main.go:140.33,167.16 7 0
github.com/salesX-technology/deliverypartnerconnectionlib/example/main.go:167.16,168.13 1 0
github.com/salesX-technology/deliverypartnerconnectionlib/example/main.go:171.2,192.4 2 0
github.com/salesX-technology/deliverypartnerconnectionlib/example/main.go:195.34,207.16 7 0
github.com/salesX-technology/deliverypartnerconnectionlib/example/main.go:207.16,209.3 1 0
github.com/salesX-technology/deliverypartnerconnectionlib/example/main.go:212.2,221.16 4 0
github.com/salesX-technology/deliverypartnerconnectionlib/example/main.go:221.16,223.3 1 0
github.com/salesX-technology/deliverypartnerconnectionlib/example/main.go:224.2,229.16 6 0
github.com/salesX-technology/deliverypartnerconnectionlib/example/main.go:229.16,231.3 1 0
github.com/salesX-technology/deliverypartnerconnectionlib/example/main.go:233.2,235.16 3 0
github.com/salesX-technology/deliverypartnerconnectionlib/example/main.go:235.16,237.3 1 0
github.com/salesX-technology/deliverypartnerconnectionlib/example/main.go:238.2,238.21 1 0
github.com/salesX-technology/deliverypartnerconnectionlib/example/main.go:241.94,263.16 2 0
github.com/salesX-technology/deliverypartnerconnectionlib/example/main.go:263.16,264.13 1 0
github.com/salesX-technology/deliverypartnerconnectionlib/example/main.go:267.2,287.4 2 0
github.com/salesX-technology/deliverypartnerconnectionlib/example/main.go:290.94,311.16 2 0
github.com/salesX-technology/deliverypartnerconnectionlib/example/main.go:311.16,312.13 1 0
github.com/salesX-technology/deliverypartnerconnectionlib/example/main.go:315.2,315.50 1 0
github.com/salesX-technology/deliverypartnerconnectionlib/example/main.go:324.110,328.16 4 0
github.com/salesX-technology/deliverypartnerconnectionlib/example/main.go:328.16,330.3 1 0
github.com/salesX-technology/deliverypartnerconnectionlib/example/main.go:331.2,332.23 2 0
github.com/salesX-technology/deliverypartnerconnectionlib/example/main.go:335.116,336.73 1 0
github.com/salesX-technology/deliverypartnerconnectionlib/example/main.go:336.73,340.17 4 0
github.com/salesX-technology/deliverypartnerconnectionlib/example/main.go:340.17,343.4 2 0
github.com/salesX-technology/deliverypartnerconnectionlib/example/main.go:345.3,345.40 1 0
github.com/salesX-technology/deliverypartnerconnectionlib/example/main.go:349.94,351.2 1 0
github.com/salesX-technology/deliverypartnerconnectionlib/example/main.go:353.127,379.2 4 0
github.com/salesX-technology/deliverypartnerconnectionlib/example/main.go:381.116,404.2 2 0
github.com/salesX-technology/deliverypartnerconnectionlib/example/main.go:406.111,409.2 2 0
github.com/salesX-technology/deliverypartnerconnectionlib/httpclient/httpclient.go:19.112,24.2 1 0
github.com/salesX-technology/deliverypartnerconnectionlib/httpclient/httpclient.go:26.112,32.25 5 0
github.com/salesX-technology/deliverypartnerconnectionlib/httpclient/httpclient.go:32.25,34.3 1 0
github.com/salesX-technology/deliverypartnerconnectionlib/httpclient/httpclient.go:36.2,37.16 2 0
github.com/salesX-technology/deliverypartnerconnectionlib/httpclient/httpclient.go:37.16,39.3 1 0
github.com/salesX-technology/deliverypartnerconnectionlib/httpclient/httpclient.go:41.2,45.16 4 0
github.com/salesX-technology/deliverypartnerconnectionlib/httpclient/httpclient.go:45.16,47.3 1 0
github.com/salesX-technology/deliverypartnerconnectionlib/httpclient/httpclient.go:48.2,51.16 3 0
github.com/salesX-technology/deliverypartnerconnectionlib/httpclient/httpclient.go:51.16,53.3 1 0
github.com/salesX-technology/deliverypartnerconnectionlib/httpclient/httpclient.go:55.2,55.65 1 0
github.com/salesX-technology/deliverypartnerconnectionlib/httpclient/httpclient.go:55.65,57.3 1 0
github.com/salesX-technology/deliverypartnerconnectionlib/httpclient/httpclient.go:59.2,60.31 2 0
github.com/salesX-technology/deliverypartnerconnectionlib/httpclient/httpclient.go:69.162,75.2 1 0
github.com/salesX-technology/deliverypartnerconnectionlib/httpclient/httpclient.go:77.127,82.16 4 0
github.com/salesX-technology/deliverypartnerconnectionlib/httpclient/httpclient.go:82.16,84.3 1 0
github.com/salesX-technology/deliverypartnerconnectionlib/httpclient/httpclient.go:85.2,88.16 3 0
github.com/salesX-technology/deliverypartnerconnectionlib/httpclient/httpclient.go:88.16,90.3 1 0
github.com/salesX-technology/deliverypartnerconnectionlib/httpclient/httpclient.go:92.2,92.44 1 0
github.com/salesX-technology/deliverypartnerconnectionlib/httpclient/httpclient.go:92.44,94.3 1 0
github.com/salesX-technology/deliverypartnerconnectionlib/httpclient/httpclient.go:96.2,96.36 1 0
github.com/salesX-technology/deliverypartnerconnectionlib/httpclient/httpclient.go:96.36,98.3 1 0
github.com/salesX-technology/deliverypartnerconnectionlib/httpclient/httpclient.go:100.2,101.16 2 0
github.com/salesX-technology/deliverypartnerconnectionlib/httpclient/httpclient.go:101.16,103.3 1 0
github.com/salesX-technology/deliverypartnerconnectionlib/httpclient/httpclient.go:105.2,107.16 3 0
github.com/salesX-technology/deliverypartnerconnectionlib/httpclient/httpclient.go:107.16,109.3 1 0
github.com/salesX-technology/deliverypartnerconnectionlib/httpclient/httpclient.go:111.2,111.69 1 0
github.com/salesX-technology/deliverypartnerconnectionlib/httpclient/httpclient.go:111.69,113.3 1 0
github.com/salesX-technology/deliverypartnerconnectionlib/httpclient/httpclient.go:115.2,115.57 1 0
github.com/salesX-technology/deliverypartnerconnectionlib/httpclient/httpclient.go:115.57,117.3 1 0
github.com/salesX-technology/deliverypartnerconnectionlib/httpclient/httpclient.go:119.2,120.15 2 0
github.com/salesX-technology/deliverypartnerconnectionlib/httpclient/httpclient.go:123.162,129.2 1 0
github.com/salesX-technology/deliverypartnerconnectionlib/httpclient/httpclient.go:131.131,136.16 4 0
github.com/salesX-technology/deliverypartnerconnectionlib/httpclient/httpclient.go:136.16,138.3 1 0
github.com/salesX-technology/deliverypartnerconnectionlib/httpclient/httpclient.go:140.2,140.44 1 0
github.com/salesX-technology/deliverypartnerconnectionlib/httpclient/httpclient.go:140.44,142.3 1 0
github.com/salesX-technology/deliverypartnerconnectionlib/httpclient/httpclient.go:144.2,144.36 1 0
github.com/salesX-technology/deliverypartnerconnectionlib/httpclient/httpclient.go:144.36,146.3 1 0
github.com/salesX-technology/deliverypartnerconnectionlib/httpclient/httpclient.go:148.2,149.16 2 0
github.com/salesX-technology/deliverypartnerconnectionlib/httpclient/httpclient.go:149.16,151.3 1 0
github.com/salesX-technology/deliverypartnerconnectionlib/httpclient/httpclient.go:153.2,155.16 3 0
github.com/salesX-technology/deliverypartnerconnectionlib/httpclient/httpclient.go:155.16,157.3 1 0
github.com/salesX-technology/deliverypartnerconnectionlib/httpclient/httpclient.go:159.2,159.69 1 0
github.com/salesX-technology/deliverypartnerconnectionlib/httpclient/httpclient.go:159.69,161.3 1 0
github.com/salesX-technology/deliverypartnerconnectionlib/httpclient/httpclient.go:163.2,163.57 1 0
github.com/salesX-technology/deliverypartnerconnectionlib/httpclient/httpclient.go:163.57,165.3 1 0
github.com/salesX-technology/deliverypartnerconnectionlib/httpclient/httpclient.go:167.2,168.15 2 0
github.com/salesX-technology/deliverypartnerconnectionlib/partner/dhl/authenticator.go:14.33,20.2 1 0
github.com/salesX-technology/deliverypartnerconnectionlib/partner/dhl/authenticator.go:22.77,25.16 3 0
github.com/salesX-technology/deliverypartnerconnectionlib/partner/dhl/authenticator.go:25.16,27.3 1 0
github.com/salesX-technology/deliverypartnerconnectionlib/partner/dhl/authenticator.go:28.2,28.48 1 0
github.com/salesX-technology/deliverypartnerconnectionlib/partner/dhl/dhl.go:38.15,45.29 1 3
github.com/salesX-technology/deliverypartnerconnectionlib/partner/dhl/dhl.go:45.29,47.4 1 0
github.com/salesX-technology/deliverypartnerconnectionlib/partner/dhl/dhl.go:50.2,50.33 1 3
github.com/salesX-technology/deliverypartnerconnectionlib/partner/dhl/dhl.go:50.33,52.3 1 3
github.com/salesX-technology/deliverypartnerconnectionlib/partner/dhl/dhl.go:54.2,54.12 1 3
github.com/salesX-technology/deliverypartnerconnectionlib/partner/dhl/dhl.go:57.61,58.31 1 3
github.com/salesX-technology/deliverypartnerconnectionlib/partner/dhl/dhl.go:58.31,60.3 1 3
github.com/salesX-technology/deliverypartnerconnectionlib/partner/dhl/dhl.go:63.92,122.2 4 1
github.com/salesX-technology/deliverypartnerconnectionlib/partner/dhl/dhl.go:124.101,187.2 4 1
github.com/salesX-technology/deliverypartnerconnectionlib/partner/dhl/dhl.go:190.59,219.2 4 1
github.com/salesX-technology/deliverypartnerconnectionlib/partner/flash/flash.go:22.17,33.33 2 0
github.com/salesX-technology/deliverypartnerconnectionlib/partner/flash/flash.go:33.33,35.3 1 0
github.com/salesX-technology/deliverypartnerconnectionlib/partner/flash/flash.go:37.2,37.11 1 0
github.com/salesX-technology/deliverypartnerconnectionlib/partner/flash/flash.go:42.67,43.32 1 0
github.com/salesX-technology/deliverypartnerconnectionlib/partner/flash/flash.go:43.32,45.3 1 0
github.com/salesX-technology/deliverypartnerconnectionlib/partner/flash/flash.go:48.75,49.32 1 0
github.com/salesX-technology/deliverypartnerconnectionlib/partner/flash/flash.go:49.32,51.3 1 0
github.com/salesX-technology/deliverypartnerconnectionlib/partner/flash/flash.go:68.94,73.17 5 0
github.com/salesX-technology/deliverypartnerconnectionlib/partner/flash/flash.go:73.17,75.3 1 0
github.com/salesX-technology/deliverypartnerconnectionlib/partner/flash/flash.go:77.2,108.16 6 0
github.com/salesX-technology/deliverypartnerconnectionlib/partner/flash/flash.go:108.16,110.3 1 0
github.com/salesX-technology/deliverypartnerconnectionlib/partner/flash/flash.go:112.2,112.31 1 0
github.com/salesX-technology/deliverypartnerconnectionlib/partner/flash/flash.go:115.103,118.17 3 0
github.com/salesX-technology/deliverypartnerconnectionlib/partner/flash/flash.go:118.17,120.3 1 0
github.com/salesX-technology/deliverypartnerconnectionlib/partner/flash/flash.go:122.2,153.12 6 0
github.com/salesX-technology/deliverypartnerconnectionlib/partner/flash/flash.go:156.61,170.2 6 0
github.com/salesX-technology/deliverypartnerconnectionlib/partner/flash/nonce.go:9.42,13.19 4 0
github.com/salesX-technology/deliverypartnerconnectionlib/partner/flash/nonce.go:13.19,15.3 1 0
github.com/salesX-technology/deliverypartnerconnectionlib/partner/flash/nonce.go:16.2,16.18 1 0
github.com/salesX-technology/deliverypartnerconnectionlib/partner/flash/signature.go:11.80,13.32 2 0
github.com/salesX-technology/deliverypartnerconnectionlib/partner/flash/signature.go:13.32,15.3 1 0
github.com/salesX-technology/deliverypartnerconnectionlib/partner/flash/signature.go:16.2,19.25 3 0
github.com/salesX-technology/deliverypartnerconnectionlib/partner/flash/signature.go:19.25,20.38 1 0
github.com/salesX-technology/deliverypartnerconnectionlib/partner/flash/signature.go:20.38,21.25 1 0
github.com/salesX-technology/deliverypartnerconnectionlib/partner/flash/signature.go:21.25,23.5 1 0
github.com/salesX-technology/deliverypartnerconnectionlib/partner/flash/signature.go:24.4,24.51 1 0
github.com/salesX-technology/deliverypartnerconnectionlib/partner/flash/signature.go:28.2,35.18 6 0
github.com/salesX-technology/deliverypartnerconnectionlib/partner/shopee/shopee.go:46.18,61.33 2 0
github.com/salesX-technology/deliverypartnerconnectionlib/partner/shopee/shopee.go:61.33,63.3 1 0
github.com/salesX-technology/deliverypartnerconnectionlib/partner/shopee/shopee.go:65.2,65.12 1 0
github.com/salesX-technology/deliverypartnerconnectionlib/partner/shopee/shopee.go:68.117,69.33 1 0
github.com/salesX-technology/deliverypartnerconnectionlib/partner/shopee/shopee.go:69.33,71.3 1 0
github.com/salesX-technology/deliverypartnerconnectionlib/partner/shopee/shopee.go:74.66,75.33 1 0
github.com/salesX-technology/deliverypartnerconnectionlib/partner/shopee/shopee.go:75.33,77.3 1 0
github.com/salesX-technology/deliverypartnerconnectionlib/partner/shopee/shopee.go:80.66,81.33 1 0
github.com/salesX-technology/deliverypartnerconnectionlib/partner/shopee/shopee.go:81.33,83.3 1 0
github.com/salesX-technology/deliverypartnerconnectionlib/partner/shopee/shopee.go:86.95,163.27 10 0
github.com/salesX-technology/deliverypartnerconnectionlib/partner/shopee/shopee.go:163.27,165.3 1 0
github.com/salesX-technology/deliverypartnerconnectionlib/partner/shopee/shopee.go:167.2,167.36 1 0
github.com/salesX-technology/deliverypartnerconnectionlib/partner/shopee/shopee.go:167.36,169.3 1 0
github.com/salesX-technology/deliverypartnerconnectionlib/partner/shopee/shopee.go:171.2,171.48 1 0
github.com/salesX-technology/deliverypartnerconnectionlib/partner/shopee/shopee.go:174.110,178.16 4 0
github.com/salesX-technology/deliverypartnerconnectionlib/partner/shopee/shopee.go:178.16,180.3 1 0
github.com/salesX-technology/deliverypartnerconnectionlib/partner/shopee/shopee.go:181.2,182.23 2 0
github.com/salesX-technology/deliverypartnerconnectionlib/partner/shopee/shopee.go:185.104,264.2 10 0
github.com/salesX-technology/deliverypartnerconnectionlib/partner/shopee/shopee.go:266.62,290.2 6 0
github.com/salesX-technology/deliverypartnerconnectionlib/partner/shopee/support_func.go:13.28,15.2 1 0
github.com/salesX-technology/deliverypartnerconnectionlib/partner/shopee/support_func.go:17.32,18.25 1 0
github.com/salesX-technology/deliverypartnerconnectionlib/partner/shopee/support_func.go:18.25,22.17 3 0
github.com/salesX-technology/deliverypartnerconnectionlib/partner/shopee/support_func.go:22.17,25.12 3 0
github.com/salesX-technology/deliverypartnerconnectionlib/partner/shopee/support_func.go:28.3,30.13 2 0
github.com/salesX-technology/deliverypartnerconnectionlib/partner/shopee/support_func.go:33.2,34.10 2 0
github.com/salesX-technology/deliverypartnerconnectionlib/partner/shopee/support_func.go:37.116,38.67 1 0
github.com/salesX-technology/deliverypartnerconnectionlib/partner/shopee/support_func.go:38.67,42.17 4 0
github.com/salesX-technology/deliverypartnerconnectionlib/partner/shopee/support_func.go:42.17,44.4 1 0
github.com/salesX-technology/deliverypartnerconnectionlib/partner/shopee/support_func.go:45.3,46.19 2 0
github.com/salesX-technology/deliverypartnerconnectionlib/deliverypartnerconnectionlib.go:13.33,19.2 1 0
github.com/salesX-technology/deliverypartnerconnectionlib/deliverypartnerconnectionlib.go:21.97,24.2 2 0
github.com/salesX-technology/deliverypartnerconnectionlib/deliverypartnerconnectionlib.go:26.99,29.2 2 0
github.com/salesX-technology/deliverypartnerconnectionlib/deliverypartnerconnectionlib.go:31.86,34.2 2 0
github.com/salesX-technology/deliverypartnerconnectionlib/example/main.go:23.13,75.16 18 0
github.com/salesX-technology/deliverypartnerconnectionlib/example/main.go:75.16,76.13 1 0
github.com/salesX-technology/deliverypartnerconnectionlib/example/main.go:81.2,83.40 3 0
github.com/salesX-technology/deliverypartnerconnectionlib/example/main.go:105.95,126.16 2 0
github.com/salesX-technology/deliverypartnerconnectionlib/example/main.go:126.16,127.13 1 0
github.com/salesX-technology/deliverypartnerconnectionlib/example/main.go:130.2,130.51 1 0
github.com/salesX-technology/deliverypartnerconnectionlib/example/main.go:133.114,135.16 2 0
github.com/salesX-technology/deliverypartnerconnectionlib/example/main.go:135.16,136.13 1 0
github.com/salesX-technology/deliverypartnerconnectionlib/example/main.go:140.33,167.16 7 0
github.com/salesX-technology/deliverypartnerconnectionlib/example/main.go:167.16,168.13 1 0
github.com/salesX-technology/deliverypartnerconnectionlib/example/main.go:171.2,192.4 2 0
github.com/salesX-technology/deliverypartnerconnectionlib/example/main.go:195.34,207.16 7 0
github.com/salesX-technology/deliverypartnerconnectionlib/example/main.go:207.16,209.3 1 0
github.com/salesX-technology/deliverypartnerconnectionlib/example/main.go:212.2,221.16 4 0
github.com/salesX-technology/deliverypartnerconnectionlib/example/main.go:221.16,223.3 1 0
github.com/salesX-technology/deliverypartnerconnectionlib/example/main.go:224.2,229.16 6 0
github.com/salesX-technology/deliverypartnerconnectionlib/example/main.go:229.16,231.3 1 0
github.com/salesX-technology/deliverypartnerconnectionlib/example/main.go:233.2,235.16 3 0
github.com/salesX-technology/deliverypartnerconnectionlib/example/main.go:235.16,237.3 1 0
github.com/salesX-technology/deliverypartnerconnectionlib/example/main.go:238.2,238.21 1 0
github.com/salesX-technology/deliverypartnerconnectionlib/example/main.go:241.94,263.16 2 0
github.com/salesX-technology/deliverypartnerconnectionlib/example/main.go:263.16,264.13 1 0
github.com/salesX-technology/deliverypartnerconnectionlib/example/main.go:267.2,287.4 2 0
github.com/salesX-technology/deliverypartnerconnectionlib/example/main.go:290.94,311.16 2 0
github.com/salesX-technology/deliverypartnerconnectionlib/example/main.go:311.16,312.13 1 0
github.com/salesX-technology/deliverypartnerconnectionlib/example/main.go:315.2,315.50 1 0
github.com/salesX-technology/deliverypartnerconnectionlib/example/main.go:324.110,328.16 4 0
github.com/salesX-technology/deliverypartnerconnectionlib/example/main.go:328.16,330.3 1 0
github.com/salesX-technology/deliverypartnerconnectionlib/example/main.go:331.2,332.23 2 0
github.com/salesX-technology/deliverypartnerconnectionlib/example/main.go:335.116,336.73 1 0
github.com/salesX-technology/deliverypartnerconnectionlib/example/main.go:336.73,340.17 4 0
github.com/salesX-technology/deliverypartnerconnectionlib/example/main.go:340.17,343.4 2 0
github.com/salesX-technology/deliverypartnerconnectionlib/example/main.go:345.3,345.40 1 0
github.com/salesX-technology/deliverypartnerconnectionlib/example/main.go:349.94,351.2 1 0
github.com/salesX-technology/deliverypartnerconnectionlib/example/main.go:353.127,379.2 4 0
github.com/salesX-technology/deliverypartnerconnectionlib/example/main.go:381.116,404.2 2 0
github.com/salesX-technology/deliverypartnerconnectionlib/example/main.go:406.111,409.2 2 0
github.com/salesX-technology/deliverypartnerconnectionlib/httpclient/httpclient.go:19.112,24.2 1 0
github.com/salesX-technology/deliverypartnerconnectionlib/httpclient/httpclient.go:26.112,32.25 5 0
github.com/salesX-technology/deliverypartnerconnectionlib/httpclient/httpclient.go:32.25,34.3 1 0
github.com/salesX-technology/deliverypartnerconnectionlib/httpclient/httpclient.go:36.2,37.16 2 0
github.com/salesX-technology/deliverypartnerconnectionlib/httpclient/httpclient.go:37.16,39.3 1 0
github.com/salesX-technology/deliverypartnerconnectionlib/httpclient/httpclient.go:41.2,45.16 4 0
github.com/salesX-technology/deliverypartnerconnectionlib/httpclient/httpclient.go:45.16,47.3 1 0
github.com/salesX-technology/deliverypartnerconnectionlib/httpclient/httpclient.go:48.2,51.16 3 0
github.com/salesX-technology/deliverypartnerconnectionlib/httpclient/httpclient.go:51.16,53.3 1 0
github.com/salesX-technology/deliverypartnerconnectionlib/httpclient/httpclient.go:55.2,55.65 1 0
github.com/salesX-technology/deliverypartnerconnectionlib/httpclient/httpclient.go:55.65,57.3 1 0
github.com/salesX-technology/deliverypartnerconnectionlib/httpclient/httpclient.go:59.2,60.31 2 0
github.com/salesX-technology/deliverypartnerconnectionlib/httpclient/httpclient.go:69.162,75.2 1 0
github.com/salesX-technology/deliverypartnerconnectionlib/httpclient/httpclient.go:77.127,82.16 4 0
github.com/salesX-technology/deliverypartnerconnectionlib/httpclient/httpclient.go:82.16,84.3 1 0
github.com/salesX-technology/deliverypartnerconnectionlib/httpclient/httpclient.go:85.2,88.16 3 0
github.com/salesX-technology/deliverypartnerconnectionlib/httpclient/httpclient.go:88.16,90.3 1 0
github.com/salesX-technology/deliverypartnerconnectionlib/httpclient/httpclient.go:92.2,92.44 1 0
github.com/salesX-technology/deliverypartnerconnectionlib/httpclient/httpclient.go:92.44,94.3 1 0
github.com/salesX-technology/deliverypartnerconnectionlib/httpclient/httpclient.go:96.2,96.36 1 0
github.com/salesX-technology/deliverypartnerconnectionlib/httpclient/httpclient.go:96.36,98.3 1 0
github.com/salesX-technology/deliverypartnerconnectionlib/httpclient/httpclient.go:100.2,101.16 2 0
github.com/salesX-technology/deliverypartnerconnectionlib/httpclient/httpclient.go:101.16,103.3 1 0
github.com/salesX-technology/deliverypartnerconnectionlib/httpclient/httpclient.go:105.2,107.16 3 0
github.com/salesX-technology/deliverypartnerconnectionlib/httpclient/httpclient.go:107.16,109.3 1 0
github.com/salesX-technology/deliverypartnerconnectionlib/httpclient/httpclient.go:111.2,111.69 1 0
github.com/salesX-technology/deliverypartnerconnectionlib/httpclient/httpclient.go:111.69,113.3 1 0
github.com/salesX-technology/deliverypartnerconnectionlib/httpclient/httpclient.go:115.2,115.57 1 0
github.com/salesX-technology/deliverypartnerconnectionlib/httpclient/httpclient.go:115.57,117.3 1 0
github.com/salesX-technology/deliverypartnerconnectionlib/httpclient/httpclient.go:119.2,120.15 2 0
github.com/salesX-technology/deliverypartnerconnectionlib/httpclient/httpclient.go:123.162,129.2 1 0
github.com/salesX-technology/deliverypartnerconnectionlib/httpclient/httpclient.go:131.131,136.16 4 0
github.com/salesX-technology/deliverypartnerconnectionlib/httpclient/httpclient.go:136.16,138.3 1 0
github.com/salesX-technology/deliverypartnerconnectionlib/httpclient/httpclient.go:140.2,140.44 1 0
github.com/salesX-technology/deliverypartnerconnectionlib/httpclient/httpclient.go:140.44,142.3 1 0
github.com/salesX-technology/deliverypartnerconnectionlib/httpclient/httpclient.go:144.2,144.36 1 0
github.com/salesX-technology/deliverypartnerconnectionlib/httpclient/httpclient.go:144.36,146.3 1 0
github.com/salesX-technology/deliverypartnerconnectionlib/httpclient/httpclient.go:148.2,149.16 2 0
github.com/salesX-technology/deliverypartnerconnectionlib/httpclient/httpclient.go:149.16,151.3 1 0
github.com/salesX-technology/deliverypartnerconnectionlib/httpclient/httpclient.go:153.2,155.16 3 0
github.com/salesX-technology/deliverypartnerconnectionlib/httpclient/httpclient.go:155.16,157.3 1 0
github.com/salesX-technology/deliverypartnerconnectionlib/httpclient/httpclient.go:159.2,159.69 1 0
github.com/salesX-technology/deliverypartnerconnectionlib/httpclient/httpclient.go:159.69,161.3 1 0
github.com/salesX-technology/deliverypartnerconnectionlib/httpclient/httpclient.go:163.2,163.57 1 0
github.com/salesX-technology/deliverypartnerconnectionlib/httpclient/httpclient.go:163.57,165.3 1 0
github.com/salesX-technology/deliverypartnerconnectionlib/httpclient/httpclient.go:167.2,168.15 2 0
github.com/salesX-technology/deliverypartnerconnectionlib/partner/dhl/authenticator.go:14.33,20.2 1 0
github.com/salesX-technology/deliverypartnerconnectionlib/partner/dhl/authenticator.go:22.77,25.16 3 0
github.com/salesX-technology/deliverypartnerconnectionlib/partner/dhl/authenticator.go:25.16,27.3 1 0
github.com/salesX-technology/deliverypartnerconnectionlib/partner/dhl/authenticator.go:28.2,28.48 1 0
github.com/salesX-technology/deliverypartnerconnectionlib/partner/dhl/dhl.go:38.15,45.29 1 0
github.com/salesX-technology/deliverypartnerconnectionlib/partner/dhl/dhl.go:45.29,47.4 1 0
github.com/salesX-technology/deliverypartnerconnectionlib/partner/dhl/dhl.go:50.2,50.33 1 0
github.com/salesX-technology/deliverypartnerconnectionlib/partner/dhl/dhl.go:50.33,52.3 1 0
github.com/salesX-technology/deliverypartnerconnectionlib/partner/dhl/dhl.go:54.2,54.12 1 0
github.com/salesX-technology/deliverypartnerconnectionlib/partner/dhl/dhl.go:57.61,58.31 1 0
github.com/salesX-technology/deliverypartnerconnectionlib/partner/dhl/dhl.go:58.31,60.3 1 0
github.com/salesX-technology/deliverypartnerconnectionlib/partner/dhl/dhl.go:63.92,122.2 4 0
github.com/salesX-technology/deliverypartnerconnectionlib/partner/dhl/dhl.go:124.101,187.2 4 0
github.com/salesX-technology/deliverypartnerconnectionlib/partner/dhl/dhl.go:190.59,219.2 4 0
github.com/salesX-technology/deliverypartnerconnectionlib/partner/flash/flash.go:22.17,33.33 2 5
github.com/salesX-technology/deliverypartnerconnectionlib/partner/flash/flash.go:33.33,35.3 1 10
github.com/salesX-technology/deliverypartnerconnectionlib/partner/flash/flash.go:37.2,37.11 1 5
github.com/salesX-technology/deliverypartnerconnectionlib/partner/flash/flash.go:42.67,43.32 1 5
github.com/salesX-technology/deliverypartnerconnectionlib/partner/flash/flash.go:43.32,45.3 1 5
github.com/salesX-technology/deliverypartnerconnectionlib/partner/flash/flash.go:48.75,49.32 1 5
github.com/salesX-technology/deliverypartnerconnectionlib/partner/flash/flash.go:49.32,51.3 1 5
github.com/salesX-technology/deliverypartnerconnectionlib/partner/flash/flash.go:68.94,73.17 5 3
github.com/salesX-technology/deliverypartnerconnectionlib/partner/flash/flash.go:73.17,75.3 1 2
github.com/salesX-technology/deliverypartnerconnectionlib/partner/flash/flash.go:77.2,108.16 6 3
github.com/salesX-technology/deliverypartnerconnectionlib/partner/flash/flash.go:108.16,110.3 1 1
github.com/salesX-technology/deliverypartnerconnectionlib/partner/flash/flash.go:112.2,112.31 1 2
github.com/salesX-technology/deliverypartnerconnectionlib/partner/flash/flash.go:115.103,118.17 3 1
github.com/salesX-technology/deliverypartnerconnectionlib/partner/flash/flash.go:118.17,120.3 1 0
github.com/salesX-technology/deliverypartnerconnectionlib/partner/flash/flash.go:122.2,153.12 6 1
github.com/salesX-technology/deliverypartnerconnectionlib/partner/flash/flash.go:156.61,170.2 6 1
github.com/salesX-technology/deliverypartnerconnectionlib/partner/flash/nonce.go:9.42,13.19 4 0
github.com/salesX-technology/deliverypartnerconnectionlib/partner/flash/nonce.go:13.19,15.3 1 0
github.com/salesX-technology/deliverypartnerconnectionlib/partner/flash/nonce.go:16.2,16.18 1 0
github.com/salesX-technology/deliverypartnerconnectionlib/partner/flash/signature.go:11.80,13.32 2 2
github.com/salesX-technology/deliverypartnerconnectionlib/partner/flash/signature.go:13.32,15.3 1 38
github.com/salesX-technology/deliverypartnerconnectionlib/partner/flash/signature.go:16.2,19.25 3 2
github.com/salesX-technology/deliverypartnerconnectionlib/partner/flash/signature.go:19.25,20.38 1 38
github.com/salesX-technology/deliverypartnerconnectionlib/partner/flash/signature.go:20.38,21.25 1 37
github.com/salesX-technology/deliverypartnerconnectionlib/partner/flash/signature.go:21.25,23.5 1 35
github.com/salesX-technology/deliverypartnerconnectionlib/partner/flash/signature.go:24.4,24.51 1 37
github.com/salesX-technology/deliverypartnerconnectionlib/partner/flash/signature.go:28.2,35.18 6 2
github.com/salesX-technology/deliverypartnerconnectionlib/partner/shopee/shopee.go:46.18,61.33 2 0
github.com/salesX-technology/deliverypartnerconnectionlib/partner/shopee/shopee.go:61.33,63.3 1 0
github.com/salesX-technology/deliverypartnerconnectionlib/partner/shopee/shopee.go:65.2,65.12 1 0
github.com/salesX-technology/deliverypartnerconnectionlib/partner/shopee/shopee.go:68.117,69.33 1 0
github.com/salesX-technology/deliverypartnerconnectionlib/partner/shopee/shopee.go:69.33,71.3 1 0
github.com/salesX-technology/deliverypartnerconnectionlib/partner/shopee/shopee.go:74.66,75.33 1 0
github.com/salesX-technology/deliverypartnerconnectionlib/partner/shopee/shopee.go:75.33,77.3 1 0
github.com/salesX-technology/deliverypartnerconnectionlib/partner/shopee/shopee.go:80.66,81.33 1 0
github.com/salesX-technology/deliverypartnerconnectionlib/partner/shopee/shopee.go:81.33,83.3 1 0
github.com/salesX-technology/deliverypartnerconnectionlib/partner/shopee/shopee.go:86.95,163.27 10 0
github.com/salesX-technology/deliverypartnerconnectionlib/partner/shopee/shopee.go:163.27,165.3 1 0
github.com/salesX-technology/deliverypartnerconnectionlib/partner/shopee/shopee.go:167.2,167.36 1 0
github.com/salesX-technology/deliverypartnerconnectionlib/partner/shopee/shopee.go:167.36,169.3 1 0
github.com/salesX-technology/deliverypartnerconnectionlib/partner/shopee/shopee.go:171.2,171.48 1 0
github.com/salesX-technology/deliverypartnerconnectionlib/partner/shopee/shopee.go:174.110,178.16 4 0
github.com/salesX-technology/deliverypartnerconnectionlib/partner/shopee/shopee.go:178.16,180.3 1 0
github.com/salesX-technology/deliverypartnerconnectionlib/partner/shopee/shopee.go:181.2,182.23 2 0
github.com/salesX-technology/deliverypartnerconnectionlib/partner/shopee/shopee.go:185.104,264.2 10 0
github.com/salesX-technology/deliverypartnerconnectionlib/partner/shopee/shopee.go:266.62,290.2 6 0
github.com/salesX-technology/deliverypartnerconnectionlib/partner/shopee/support_func.go:13.28,15.2 1 0
github.com/salesX-technology/deliverypartnerconnectionlib/partner/shopee/support_func.go:17.32,18.25 1 0
github.com/salesX-technology/deliverypartnerconnectionlib/partner/shopee/support_func.go:18.25,22.17 3 0
github.com/salesX-technology/deliverypartnerconnectionlib/partner/shopee/support_func.go:22.17,25.12 3 0
github.com/salesX-technology/deliverypartnerconnectionlib/partner/shopee/support_func.go:28.3,30.13 2 0
github.com/salesX-technology/deliverypartnerconnectionlib/partner/shopee/support_func.go:33.2,34.10 2 0
github.com/salesX-technology/deliverypartnerconnectionlib/partner/shopee/support_func.go:37.116,38.67 1 0
github.com/salesX-technology/deliverypartnerconnectionlib/partner/shopee/support_func.go:38.67,42.17 4 0
github.com/salesX-technology/deliverypartnerconnectionlib/partner/shopee/support_func.go:42.17,44.4 1 0
github.com/salesX-technology/deliverypartnerconnectionlib/partner/shopee/support_func.go:45.3,46.19 2 0
